<?xml version="1.0" encoding="UTF-8"?>
<testsuite xmlns:xsi="http://www.w3.org/2001/XMLSchema-instance" xsi:noNamespaceSchemaLocation="https://maven.apache.org/surefire/maven-surefire-plugin/xsd/surefire-test-report.xsd" name="com.luca.core.product.ProductServiceApplicationTests" time="6.175" tests="6" errors="0" skipped="0" failures="0">
  <properties>
    <property name="java.specification.version" value="21"/>
    <property name="sun.cpu.isalist" value="amd64"/>
    <property name="sun.jnu.encoding" value="Cp1252"/>
    <property name="java.class.path" value="C:\Users\lucac\.m2\repository\org\apache\maven\surefire\surefire-booter\2.22.2\surefire-booter-2.22.2.jar;C:\Users\lucac\.m2\repository\org\apache\maven\surefire\surefire-api\2.22.2\surefire-api-2.22.2.jar;C:\Users\lucac\.m2\repository\org\apache\maven\surefire\surefire-logger-api\2.22.2\surefire-logger-api-2.22.2.jar;C:\Users\lucac\Desktop\DepProject\RestAPI-protobuf-json\microservices\product-service-json\target\test-classes;C:\Users\lucac\Desktop\DepProject\RestAPI-protobuf-json\microservices\product-service-json\target\classes;C:\Users\lucac\.m2\repository\org\springframework\boot\spring-boot-starter-webflux\3.1.12\spring-boot-starter-webflux-3.1.12.jar;C:\Users\lucac\.m2\repository\org\springframework\boot\spring-boot-starter\3.1.12\spring-boot-starter-3.1.12.jar;C:\Users\lucac\.m2\repository\org\springframework\boot\spring-boot\3.1.12\spring-boot-3.1.12.jar;C:\Users\lucac\.m2\repository\org\springframework\boot\spring-boot-starter-logging\3.1.12\spring-boot-starter-logging-3.1.12.jar;C:\Users\lucac\.m2\repository\ch\qos\logback\logback-classic\1.4.14\logback-classic-1.4.14.jar;C:\Users\lucac\.m2\repository\ch\qos\logback\logback-core\1.4.14\logback-core-1.4.14.jar;C:\Users\lucac\.m2\repository\org\apache\logging\log4j\log4j-to-slf4j\2.20.0\log4j-to-slf4j-2.20.0.jar;C:\Users\lucac\.m2\repository\org\apache\logging\log4j\log4j-api\2.20.0\log4j-api-2.20.0.jar;C:\Users\lucac\.m2\repository\org\slf4j\jul-to-slf4j\2.0.13\jul-to-slf4j-2.0.13.jar;C:\Users\lucac\.m2\repository\jakarta\annotation\jakarta.annotation-api\2.1.1\jakarta.annotation-api-2.1.1.jar;C:\Users\lucac\.m2\repository\org\yaml\snakeyaml\1.33\snakeyaml-1.33.jar;C:\Users\lucac\.m2\repository\org\springframework\boot\spring-boot-starter-json\3.1.12\spring-boot-starter-json-3.1.12.jar;C:\Users\lucac\.m2\repository\com\fasterxml\jackson\core\jackson-databind\2.15.4\jackson-databind-2.15.4.jar;C:\Users\lucac\.m2\repository\com\fasterxml\jackson\core\jackson-core\2.15.4\jackson-core-2.15.4.jar;C:\Users\lucac\.m2\repository\com\fasterxml\jackson\datatype\jackson-datatype-jdk8\2.15.4\jackson-datatype-jdk8-2.15.4.jar;C:\Users\lucac\.m2\repository\com\fasterxml\jackson\datatype\jackson-datatype-jsr310\2.15.4\jackson-datatype-jsr310-2.15.4.jar;C:\Users\lucac\.m2\repository\com\fasterxml\jackson\module\jackson-module-parameter-names\2.15.4\jackson-module-parameter-names-2.15.4.jar;C:\Users\lucac\.m2\repository\org\springframework\boot\spring-boot-starter-reactor-netty\3.1.12\spring-boot-starter-reactor-netty-3.1.12.jar;C:\Users\lucac\.m2\repository\io\projectreactor\netty\reactor-netty-http\1.1.19\reactor-netty-http-1.1.19.jar;C:\Users\lucac\.m2\repository\io\netty\netty-codec-http\4.1.110.Final\netty-codec-http-4.1.110.Final.jar;C:\Users\lucac\.m2\repository\io\netty\netty-common\4.1.110.Final\netty-common-4.1.110.Final.jar;C:\Users\lucac\.m2\repository\io\netty\netty-buffer\4.1.110.Final\netty-buffer-4.1.110.Final.jar;C:\Users\lucac\.m2\repository\io\netty\netty-transport\4.1.110.Final\netty-transport-4.1.110.Final.jar;C:\Users\lucac\.m2\repository\io\netty\netty-codec\4.1.110.Final\netty-codec-4.1.110.Final.jar;C:\Users\lucac\.m2\repository\io\netty\netty-handler\4.1.110.Final\netty-handler-4.1.110.Final.jar;C:\Users\lucac\.m2\repository\io\netty\netty-codec-http2\4.1.110.Final\netty-codec-http2-4.1.110.Final.jar;C:\Users\lucac\.m2\repository\io\netty\netty-resolver-dns\4.1.110.Final\netty-resolver-dns-4.1.110.Final.jar;C:\Users\lucac\.m2\repository\io\netty\netty-resolver\4.1.110.Final\netty-resolver-4.1.110.Final.jar;C:\Users\lucac\.m2\repository\io\netty\netty-codec-dns\4.1.110.Final\netty-codec-dns-4.1.110.Final.jar;C:\Users\lucac\.m2\repository\io\netty\netty-resolver-dns-native-macos\4.1.110.Final\netty-resolver-dns-native-macos-4.1.110.Final-osx-x86_64.jar;C:\Users\lucac\.m2\repository\io\netty\netty-resolver-dns-classes-macos\4.1.110.Final\netty-resolver-dns-classes-macos-4.1.110.Final.jar;C:\Users\lucac\.m2\repository\io\netty\netty-transport-native-epoll\4.1.110.Final\netty-transport-native-epoll-4.1.110.Final-linux-x86_64.jar;C:\Users\lucac\.m2\repository\io\netty\netty-transport-native-unix-common\4.1.110.Final\netty-transport-native-unix-common-4.1.110.Final.jar;C:\Users\lucac\.m2\repository\io\netty\netty-transport-classes-epoll\4.1.110.Final\netty-transport-classes-epoll-4.1.110.Final.jar;C:\Users\lucac\.m2\repository\io\projectreactor\netty\reactor-netty-core\1.1.19\reactor-netty-core-1.1.19.jar;C:\Users\lucac\.m2\repository\io\netty\netty-handler-proxy\4.1.110.Final\netty-handler-proxy-4.1.110.Final.jar;C:\Users\lucac\.m2\repository\io\netty\netty-codec-socks\4.1.110.Final\netty-codec-socks-4.1.110.Final.jar;C:\Users\lucac\.m2\repository\org\springframework\spring-web\6.0.21\spring-web-6.0.21.jar;C:\Users\lucac\.m2\repository\io\micrometer\micrometer-observation\1.11.12\micrometer-observation-1.11.12.jar;C:\Users\lucac\.m2\repository\io\micrometer\micrometer-commons\1.11.12\micrometer-commons-1.11.12.jar;C:\Users\lucac\.m2\repository\org\springframework\spring-webflux\6.0.21\spring-webflux-6.0.21.jar;C:\Users\lucac\.m2\repository\org\springdoc\springdoc-openapi-starter-common\2.0.2\springdoc-openapi-starter-common-2.0.2.jar;C:\Users\lucac\.m2\repository\org\springframework\boot\spring-boot-autoconfigure\3.1.12\spring-boot-autoconfigure-3.1.12.jar;C:\Users\lucac\.m2\repository\io\swagger\core\v3\swagger-core-jakarta\2.2.7\swagger-core-jakarta-2.2.7.jar;C:\Users\lucac\.m2\repository\org\apache\commons\commons-lang3\3.12.0\commons-lang3-3.12.0.jar;C:\Users\lucac\.m2\repository\io\swagger\core\v3\swagger-annotations-jakarta\2.2.7\swagger-annotations-jakarta-2.2.7.jar;C:\Users\lucac\.m2\repository\io\swagger\core\v3\swagger-models-jakarta\2.2.7\swagger-models-jakarta-2.2.7.jar;C:\Users\lucac\.m2\repository\jakarta\validation\jakarta.validation-api\3.0.2\jakarta.validation-api-3.0.2.jar;C:\Users\lucac\.m2\repository\com\fasterxml\jackson\core\jackson-annotations\2.15.4\jackson-annotations-2.15.4.jar;C:\Users\lucac\.m2\repository\com\fasterxml\jackson\dataformat\jackson-dataformat-yaml\2.15.4\jackson-dataformat-yaml-2.15.4.jar;C:\Users\lucac\.m2\repository\org\springframework\spring-webmvc\6.1.8\spring-webmvc-6.1.8.jar;C:\Users\lucac\.m2\repository\org\springframework\spring-aop\6.0.21\spring-aop-6.0.21.jar;C:\Users\lucac\.m2\repository\org\springframework\spring-beans\6.0.21\spring-beans-6.0.21.jar;C:\Users\lucac\.m2\repository\org\springframework\spring-context\6.0.21\spring-context-6.0.21.jar;C:\Users\lucac\.m2\repository\org\springframework\spring-core\6.0.21\spring-core-6.0.21.jar;C:\Users\lucac\.m2\repository\org\springframework\spring-jcl\6.0.21\spring-jcl-6.0.21.jar;C:\Users\lucac\.m2\repository\org\springframework\spring-expression\6.0.21\spring-expression-6.0.21.jar;C:\Users\lucac\.m2\repository\org\springframework\boot\spring-boot-starter-data-mongodb\3.1.12\spring-boot-starter-data-mongodb-3.1.12.jar;C:\Users\lucac\.m2\repository\org\mongodb\mongodb-driver-sync\4.9.1\mongodb-driver-sync-4.9.1.jar;C:\Users\lucac\.m2\repository\org\mongodb\bson\4.9.1\bson-4.9.1.jar;C:\Users\lucac\.m2\repository\org\mongodb\mongodb-driver-core\4.9.1\mongodb-driver-core-4.9.1.jar;C:\Users\lucac\.m2\repository\org\mongodb\bson-record-codec\4.9.1\bson-record-codec-4.9.1.jar;C:\Users\lucac\.m2\repository\org\springframework\data\spring-data-mongodb\4.1.12\spring-data-mongodb-4.1.12.jar;C:\Users\lucac\.m2\repository\org\springframework\spring-tx\6.0.21\spring-tx-6.0.21.jar;C:\Users\lucac\.m2\repository\org\springframework\data\spring-data-commons\3.1.12\spring-data-commons-3.1.12.jar;C:\Users\lucac\.m2\repository\org\mapstruct\mapstruct\1.5.3.Final\mapstruct-1.5.3.Final.jar;C:\Users\lucac\.m2\repository\org\mapstruct\mapstruct-processor\1.5.3.Final\mapstruct-processor-1.5.3.Final.jar;C:\Users\lucac\.m2\repository\org\springframework\boot\spring-boot-starter-test\3.1.12\spring-boot-starter-test-3.1.12.jar;C:\Users\lucac\.m2\repository\org\springframework\boot\spring-boot-test\3.1.12\spring-boot-test-3.1.12.jar;C:\Users\lucac\.m2\repository\org\springframework\boot\spring-boot-test-autoconfigure\3.1.12\spring-boot-test-autoconfigure-3.1.12.jar;C:\Users\lucac\.m2\repository\com\jayway\jsonpath\json-path\2.9.0\json-path-2.9.0.jar;C:\Users\lucac\.m2\repository\jakarta\xml\bind\jakarta.xml.bind-api\4.0.2\jakarta.xml.bind-api-4.0.2.jar;C:\Users\lucac\.m2\repository\jakarta\activation\jakarta.activation-api\2.1.3\jakarta.activation-api-2.1.3.jar;C:\Users\lucac\.m2\repository\net\minidev\json-smart\2.4.11\json-smart-2.4.11.jar;C:\Users\lucac\.m2\repository\net\minidev\accessors-smart\2.4.11\accessors-smart-2.4.11.jar;C:\Users\lucac\.m2\repository\org\ow2\asm\asm\9.3\asm-9.3.jar;C:\Users\lucac\.m2\repository\org\assertj\assertj-core\3.24.2\assertj-core-3.24.2.jar;C:\Users\lucac\.m2\repository\net\bytebuddy\byte-buddy\1.14.16\byte-buddy-1.14.16.jar;C:\Users\lucac\.m2\repository\org\hamcrest\hamcrest\2.2\hamcrest-2.2.jar;C:\Users\lucac\.m2\repository\org\junit\jupiter\junit-jupiter\5.9.3\junit-jupiter-5.9.3.jar;C:\Users\lucac\.m2\repository\org\junit\jupiter\junit-jupiter-api\5.9.3\junit-jupiter-api-5.9.3.jar;C:\Users\lucac\.m2\repository\org\opentest4j\opentest4j\1.2.0\opentest4j-1.2.0.jar;C:\Users\lucac\.m2\repository\org\junit\platform\junit-platform-commons\1.9.3\junit-platform-commons-1.9.3.jar;C:\Users\lucac\.m2\repository\org\apiguardian\apiguardian-api\1.1.2\apiguardian-api-1.1.2.jar;C:\Users\lucac\.m2\repository\org\junit\jupiter\junit-jupiter-params\5.9.3\junit-jupiter-params-5.9.3.jar;C:\Users\lucac\.m2\repository\org\junit\jupiter\junit-jupiter-engine\5.9.3\junit-jupiter-engine-5.9.3.jar;C:\Users\lucac\.m2\repository\org\junit\platform\junit-platform-engine\1.9.3\junit-platform-engine-1.9.3.jar;C:\Users\lucac\.m2\repository\org\mockito\mockito-core\5.3.1\mockito-core-5.3.1.jar;C:\Users\lucac\.m2\repository\net\bytebuddy\byte-buddy-agent\1.14.16\byte-buddy-agent-1.14.16.jar;C:\Users\lucac\.m2\repository\org\objenesis\objenesis\3.3\objenesis-3.3.jar;C:\Users\lucac\.m2\repository\org\mockito\mockito-junit-jupiter\5.3.1\mockito-junit-jupiter-5.3.1.jar;C:\Users\lucac\.m2\repository\org\skyscreamer\jsonassert\1.5.1\jsonassert-1.5.1.jar;C:\Users\lucac\.m2\repository\com\vaadin\external\google\android-json\0.0.20131108.vaadin1\android-json-0.0.20131108.vaadin1.jar;C:\Users\lucac\.m2\repository\org\springframework\spring-test\6.0.21\spring-test-6.0.21.jar;C:\Users\lucac\.m2\repository\org\xmlunit\xmlunit-core\2.9.1\xmlunit-core-2.9.1.jar;C:\Users\lucac\.m2\repository\io\projectreactor\reactor-test\3.5.17\reactor-test-3.5.17.jar;C:\Users\lucac\.m2\repository\io\projectreactor\reactor-core\3.5.17\reactor-core-3.5.17.jar;C:\Users\lucac\.m2\repository\org\reactivestreams\reactive-streams\1.0.4\reactive-streams-1.0.4.jar;C:\Users\lucac\.m2\repository\org\testcontainers\testcontainers\1.18.3\testcontainers-1.18.3.jar;C:\Users\lucac\.m2\repository\junit\junit\4.13.2\junit-4.13.2.jar;C:\Users\lucac\.m2\repository\org\hamcrest\hamcrest-core\2.2\hamcrest-core-2.2.jar;C:\Users\lucac\.m2\repository\org\slf4j\slf4j-api\2.0.13\slf4j-api-2.0.13.jar;C:\Users\lucac\.m2\repository\org\apache\commons\commons-compress\1.23.0\commons-compress-1.23.0.jar;C:\Users\lucac\.m2\repository\org\rnorth\duct-tape\duct-tape\1.0.8\duct-tape-1.0.8.jar;C:\Users\lucac\.m2\repository\org\jetbrains\annotations\17.0.0\annotations-17.0.0.jar;C:\Users\lucac\.m2\repository\com\github\docker-java\docker-java-api\3.3.0\docker-java-api-3.3.0.jar;C:\Users\lucac\.m2\repository\com\github\docker-java\docker-java-transport-zerodep\3.3.0\docker-java-transport-zerodep-3.3.0.jar;C:\Users\lucac\.m2\repository\com\github\docker-java\docker-java-transport\3.3.0\docker-java-transport-3.3.0.jar;C:\Users\lucac\.m2\repository\net\java\dev\jna\jna\5.12.1\jna-5.12.1.jar;C:\Users\lucac\.m2\repository\org\testcontainers\junit-jupiter\1.18.3\junit-jupiter-1.18.3.jar;C:\Users\lucac\.m2\repository\org\testcontainers\mongodb\1.18.3\mongodb-1.18.3.jar;C:\Users\lucac\.m2\repository\org\apache\maven\surefire\surefire-junit-platform\2.22.2\surefire-junit-platform-2.22.2.jar;C:\Users\lucac\.m2\repository\org\junit\platform\junit-platform-launcher\1.3.1\junit-platform-launcher-1.3.1.jar"/>
    <property name="java.vm.vendor" value="Microsoft"/>
    <property name="sun.arch.data.model" value="64"/>
    <property name="user.variant" value=""/>
    <property name="java.vendor.url" value="https://www.microsoft.com"/>
    <property name="user.timezone" value="Europe/Rome"/>
    <property name="os.name" value="Windows 11"/>
    <property name="java.vm.specification.version" value="21"/>
    <property name="sun.java.launcher" value="SUN_STANDARD"/>
    <property name="user.country" value="IT"/>
    <property name="sun.boot.library.path" value="C:\Program Files\Microsoft\jdk-21.0.3.9-hotspot\bin"/>
    <property name="sun.java.command" value="org.apache.maven.surefire.booter.ForkedBooter C:\Users\lucac\AppData\Local\Temp\surefire8732103222258547812 2024-06-03T17-42-37_706-jvmRun1 surefire15255152219773954735tmp surefire_116781457299124057929tmp"/>
    <property name="jdk.debug" value="release"/>
    <property name="surefire.test.class.path" value="C:\Users\lucac\Desktop\DepProject\RestAPI-protobuf-json\microservices\product-service-json\target\test-classes;C:\Users\lucac\Desktop\DepProject\RestAPI-protobuf-json\microservices\product-service-json\target\classes;C:\Users\lucac\.m2\repository\org\springframework\boot\spring-boot-starter-webflux\3.1.12\spring-boot-starter-webflux-3.1.12.jar;C:\Users\lucac\.m2\repository\org\springframework\boot\spring-boot-starter\3.1.12\spring-boot-starter-3.1.12.jar;C:\Users\lucac\.m2\repository\org\springframework\boot\spring-boot\3.1.12\spring-boot-3.1.12.jar;C:\Users\lucac\.m2\repository\org\springframework\boot\spring-boot-starter-logging\3.1.12\spring-boot-starter-logging-3.1.12.jar;C:\Users\lucac\.m2\repository\ch\qos\logback\logback-classic\1.4.14\logback-classic-1.4.14.jar;C:\Users\lucac\.m2\repository\ch\qos\logback\logback-core\1.4.14\logback-core-1.4.14.jar;C:\Users\lucac\.m2\repository\org\apache\logging\log4j\log4j-to-slf4j\2.20.0\log4j-to-slf4j-2.20.0.jar;C:\Users\lucac\.m2\repository\org\apache\logging\log4j\log4j-api\2.20.0\log4j-api-2.20.0.jar;C:\Users\lucac\.m2\repository\org\slf4j\jul-to-slf4j\2.0.13\jul-to-slf4j-2.0.13.jar;C:\Users\lucac\.m2\repository\jakarta\annotation\jakarta.annotation-api\2.1.1\jakarta.annotation-api-2.1.1.jar;C:\Users\lucac\.m2\repository\org\yaml\snakeyaml\1.33\snakeyaml-1.33.jar;C:\Users\lucac\.m2\repository\org\springframework\boot\spring-boot-starter-json\3.1.12\spring-boot-starter-json-3.1.12.jar;C:\Users\lucac\.m2\repository\com\fasterxml\jackson\core\jackson-databind\2.15.4\jackson-databind-2.15.4.jar;C:\Users\lucac\.m2\repository\com\fasterxml\jackson\core\jackson-core\2.15.4\jackson-core-2.15.4.jar;C:\Users\lucac\.m2\repository\com\fasterxml\jackson\datatype\jackson-datatype-jdk8\2.15.4\jackson-datatype-jdk8-2.15.4.jar;C:\Users\lucac\.m2\repository\com\fasterxml\jackson\datatype\jackson-datatype-jsr310\2.15.4\jackson-datatype-jsr310-2.15.4.jar;C:\Users\lucac\.m2\repository\com\fasterxml\jackson\module\jackson-module-parameter-names\2.15.4\jackson-module-parameter-names-2.15.4.jar;C:\Users\lucac\.m2\repository\org\springframework\boot\spring-boot-starter-reactor-netty\3.1.12\spring-boot-starter-reactor-netty-3.1.12.jar;C:\Users\lucac\.m2\repository\io\projectreactor\netty\reactor-netty-http\1.1.19\reactor-netty-http-1.1.19.jar;C:\Users\lucac\.m2\repository\io\netty\netty-codec-http\4.1.110.Final\netty-codec-http-4.1.110.Final.jar;C:\Users\lucac\.m2\repository\io\netty\netty-common\4.1.110.Final\netty-common-4.1.110.Final.jar;C:\Users\lucac\.m2\repository\io\netty\netty-buffer\4.1.110.Final\netty-buffer-4.1.110.Final.jar;C:\Users\lucac\.m2\repository\io\netty\netty-transport\4.1.110.Final\netty-transport-4.1.110.Final.jar;C:\Users\lucac\.m2\repository\io\netty\netty-codec\4.1.110.Final\netty-codec-4.1.110.Final.jar;C:\Users\lucac\.m2\repository\io\netty\netty-handler\4.1.110.Final\netty-handler-4.1.110.Final.jar;C:\Users\lucac\.m2\repository\io\netty\netty-codec-http2\4.1.110.Final\netty-codec-http2-4.1.110.Final.jar;C:\Users\lucac\.m2\repository\io\netty\netty-resolver-dns\4.1.110.Final\netty-resolver-dns-4.1.110.Final.jar;C:\Users\lucac\.m2\repository\io\netty\netty-resolver\4.1.110.Final\netty-resolver-4.1.110.Final.jar;C:\Users\lucac\.m2\repository\io\netty\netty-codec-dns\4.1.110.Final\netty-codec-dns-4.1.110.Final.jar;C:\Users\lucac\.m2\repository\io\netty\netty-resolver-dns-native-macos\4.1.110.Final\netty-resolver-dns-native-macos-4.1.110.Final-osx-x86_64.jar;C:\Users\lucac\.m2\repository\io\netty\netty-resolver-dns-classes-macos\4.1.110.Final\netty-resolver-dns-classes-macos-4.1.110.Final.jar;C:\Users\lucac\.m2\repository\io\netty\netty-transport-native-epoll\4.1.110.Final\netty-transport-native-epoll-4.1.110.Final-linux-x86_64.jar;C:\Users\lucac\.m2\repository\io\netty\netty-transport-native-unix-common\4.1.110.Final\netty-transport-native-unix-common-4.1.110.Final.jar;C:\Users\lucac\.m2\repository\io\netty\netty-transport-classes-epoll\4.1.110.Final\netty-transport-classes-epoll-4.1.110.Final.jar;C:\Users\lucac\.m2\repository\io\projectreactor\netty\reactor-netty-core\1.1.19\reactor-netty-core-1.1.19.jar;C:\Users\lucac\.m2\repository\io\netty\netty-handler-proxy\4.1.110.Final\netty-handler-proxy-4.1.110.Final.jar;C:\Users\lucac\.m2\repository\io\netty\netty-codec-socks\4.1.110.Final\netty-codec-socks-4.1.110.Final.jar;C:\Users\lucac\.m2\repository\org\springframework\spring-web\6.0.21\spring-web-6.0.21.jar;C:\Users\lucac\.m2\repository\io\micrometer\micrometer-observation\1.11.12\micrometer-observation-1.11.12.jar;C:\Users\lucac\.m2\repository\io\micrometer\micrometer-commons\1.11.12\micrometer-commons-1.11.12.jar;C:\Users\lucac\.m2\repository\org\springframework\spring-webflux\6.0.21\spring-webflux-6.0.21.jar;C:\Users\lucac\.m2\repository\org\springdoc\springdoc-openapi-starter-common\2.0.2\springdoc-openapi-starter-common-2.0.2.jar;C:\Users\lucac\.m2\repository\org\springframework\boot\spring-boot-autoconfigure\3.1.12\spring-boot-autoconfigure-3.1.12.jar;C:\Users\lucac\.m2\repository\io\swagger\core\v3\swagger-core-jakarta\2.2.7\swagger-core-jakarta-2.2.7.jar;C:\Users\lucac\.m2\repository\org\apache\commons\commons-lang3\3.12.0\commons-lang3-3.12.0.jar;C:\Users\lucac\.m2\repository\io\swagger\core\v3\swagger-annotations-jakarta\2.2.7\swagger-annotations-jakarta-2.2.7.jar;C:\Users\lucac\.m2\repository\io\swagger\core\v3\swagger-models-jakarta\2.2.7\swagger-models-jakarta-2.2.7.jar;C:\Users\lucac\.m2\repository\jakarta\validation\jakarta.validation-api\3.0.2\jakarta.validation-api-3.0.2.jar;C:\Users\lucac\.m2\repository\com\fasterxml\jackson\core\jackson-annotations\2.15.4\jackson-annotations-2.15.4.jar;C:\Users\lucac\.m2\repository\com\fasterxml\jackson\dataformat\jackson-dataformat-yaml\2.15.4\jackson-dataformat-yaml-2.15.4.jar;C:\Users\lucac\.m2\repository\org\springframework\spring-webmvc\6.1.8\spring-webmvc-6.1.8.jar;C:\Users\lucac\.m2\repository\org\springframework\spring-aop\6.0.21\spring-aop-6.0.21.jar;C:\Users\lucac\.m2\repository\org\springframework\spring-beans\6.0.21\spring-beans-6.0.21.jar;C:\Users\lucac\.m2\repository\org\springframework\spring-context\6.0.21\spring-context-6.0.21.jar;C:\Users\lucac\.m2\repository\org\springframework\spring-core\6.0.21\spring-core-6.0.21.jar;C:\Users\lucac\.m2\repository\org\springframework\spring-jcl\6.0.21\spring-jcl-6.0.21.jar;C:\Users\lucac\.m2\repository\org\springframework\spring-expression\6.0.21\spring-expression-6.0.21.jar;C:\Users\lucac\.m2\repository\org\springframework\boot\spring-boot-starter-data-mongodb\3.1.12\spring-boot-starter-data-mongodb-3.1.12.jar;C:\Users\lucac\.m2\repository\org\mongodb\mongodb-driver-sync\4.9.1\mongodb-driver-sync-4.9.1.jar;C:\Users\lucac\.m2\repository\org\mongodb\bson\4.9.1\bson-4.9.1.jar;C:\Users\lucac\.m2\repository\org\mongodb\mongodb-driver-core\4.9.1\mongodb-driver-core-4.9.1.jar;C:\Users\lucac\.m2\repository\org\mongodb\bson-record-codec\4.9.1\bson-record-codec-4.9.1.jar;C:\Users\lucac\.m2\repository\org\springframework\data\spring-data-mongodb\4.1.12\spring-data-mongodb-4.1.12.jar;C:\Users\lucac\.m2\repository\org\springframework\spring-tx\6.0.21\spring-tx-6.0.21.jar;C:\Users\lucac\.m2\repository\org\springframework\data\spring-data-commons\3.1.12\spring-data-commons-3.1.12.jar;C:\Users\lucac\.m2\repository\org\mapstruct\mapstruct\1.5.3.Final\mapstruct-1.5.3.Final.jar;C:\Users\lucac\.m2\repository\org\mapstruct\mapstruct-processor\1.5.3.Final\mapstruct-processor-1.5.3.Final.jar;C:\Users\lucac\.m2\repository\org\springframework\boot\spring-boot-starter-test\3.1.12\spring-boot-starter-test-3.1.12.jar;C:\Users\lucac\.m2\repository\org\springframework\boot\spring-boot-test\3.1.12\spring-boot-test-3.1.12.jar;C:\Users\lucac\.m2\repository\org\springframework\boot\spring-boot-test-autoconfigure\3.1.12\spring-boot-test-autoconfigure-3.1.12.jar;C:\Users\lucac\.m2\repository\com\jayway\jsonpath\json-path\2.9.0\json-path-2.9.0.jar;C:\Users\lucac\.m2\repository\jakarta\xml\bind\jakarta.xml.bind-api\4.0.2\jakarta.xml.bind-api-4.0.2.jar;C:\Users\lucac\.m2\repository\jakarta\activation\jakarta.activation-api\2.1.3\jakarta.activation-api-2.1.3.jar;C:\Users\lucac\.m2\repository\net\minidev\json-smart\2.4.11\json-smart-2.4.11.jar;C:\Users\lucac\.m2\repository\net\minidev\accessors-smart\2.4.11\accessors-smart-2.4.11.jar;C:\Users\lucac\.m2\repository\org\ow2\asm\asm\9.3\asm-9.3.jar;C:\Users\lucac\.m2\repository\org\assertj\assertj-core\3.24.2\assertj-core-3.24.2.jar;C:\Users\lucac\.m2\repository\net\bytebuddy\byte-buddy\1.14.16\byte-buddy-1.14.16.jar;C:\Users\lucac\.m2\repository\org\hamcrest\hamcrest\2.2\hamcrest-2.2.jar;C:\Users\lucac\.m2\repository\org\junit\jupiter\junit-jupiter\5.9.3\junit-jupiter-5.9.3.jar;C:\Users\lucac\.m2\repository\org\junit\jupiter\junit-jupiter-api\5.9.3\junit-jupiter-api-5.9.3.jar;C:\Users\lucac\.m2\repository\org\opentest4j\opentest4j\1.2.0\opentest4j-1.2.0.jar;C:\Users\lucac\.m2\repository\org\junit\platform\junit-platform-commons\1.9.3\junit-platform-commons-1.9.3.jar;C:\Users\lucac\.m2\repository\org\apiguardian\apiguardian-api\1.1.2\apiguardian-api-1.1.2.jar;C:\Users\lucac\.m2\repository\org\junit\jupiter\junit-jupiter-params\5.9.3\junit-jupiter-params-5.9.3.jar;C:\Users\lucac\.m2\repository\org\junit\jupiter\junit-jupiter-engine\5.9.3\junit-jupiter-engine-5.9.3.jar;C:\Users\lucac\.m2\repository\org\junit\platform\junit-platform-engine\1.9.3\junit-platform-engine-1.9.3.jar;C:\Users\lucac\.m2\repository\org\mockito\mockito-core\5.3.1\mockito-core-5.3.1.jar;C:\Users\lucac\.m2\repository\net\bytebuddy\byte-buddy-agent\1.14.16\byte-buddy-agent-1.14.16.jar;C:\Users\lucac\.m2\repository\org\objenesis\objenesis\3.3\objenesis-3.3.jar;C:\Users\lucac\.m2\repository\org\mockito\mockito-junit-jupiter\5.3.1\mockito-junit-jupiter-5.3.1.jar;C:\Users\lucac\.m2\repository\org\skyscreamer\jsonassert\1.5.1\jsonassert-1.5.1.jar;C:\Users\lucac\.m2\repository\com\vaadin\external\google\android-json\0.0.20131108.vaadin1\android-json-0.0.20131108.vaadin1.jar;C:\Users\lucac\.m2\repository\org\springframework\spring-test\6.0.21\spring-test-6.0.21.jar;C:\Users\lucac\.m2\repository\org\xmlunit\xmlunit-core\2.9.1\xmlunit-core-2.9.1.jar;C:\Users\lucac\.m2\repository\io\projectreactor\reactor-test\3.5.17\reactor-test-3.5.17.jar;C:\Users\lucac\.m2\repository\io\projectreactor\reactor-core\3.5.17\reactor-core-3.5.17.jar;C:\Users\lucac\.m2\repository\org\reactivestreams\reactive-streams\1.0.4\reactive-streams-1.0.4.jar;C:\Users\lucac\.m2\repository\org\testcontainers\testcontainers\1.18.3\testcontainers-1.18.3.jar;C:\Users\lucac\.m2\repository\junit\junit\4.13.2\junit-4.13.2.jar;C:\Users\lucac\.m2\repository\org\hamcrest\hamcrest-core\2.2\hamcrest-core-2.2.jar;C:\Users\lucac\.m2\repository\org\slf4j\slf4j-api\2.0.13\slf4j-api-2.0.13.jar;C:\Users\lucac\.m2\repository\org\apache\commons\commons-compress\1.23.0\commons-compress-1.23.0.jar;C:\Users\lucac\.m2\repository\org\rnorth\duct-tape\duct-tape\1.0.8\duct-tape-1.0.8.jar;C:\Users\lucac\.m2\repository\org\jetbrains\annotations\17.0.0\annotations-17.0.0.jar;C:\Users\lucac\.m2\repository\com\github\docker-java\docker-java-api\3.3.0\docker-java-api-3.3.0.jar;C:\Users\lucac\.m2\repository\com\github\docker-java\docker-java-transport-zerodep\3.3.0\docker-java-transport-zerodep-3.3.0.jar;C:\Users\lucac\.m2\repository\com\github\docker-java\docker-java-transport\3.3.0\docker-java-transport-3.3.0.jar;C:\Users\lucac\.m2\repository\net\java\dev\jna\jna\5.12.1\jna-5.12.1.jar;C:\Users\lucac\.m2\repository\org\testcontainers\junit-jupiter\1.18.3\junit-jupiter-1.18.3.jar;C:\Users\lucac\.m2\repository\org\testcontainers\mongodb\1.18.3\mongodb-1.18.3.jar;"/>
    <property name="sun.cpu.endian" value="little"/>
    <property name="user.home" value="C:\Users\lucac"/>
    <property name="user.language" value="it"/>
    <property name="java.specification.vendor" value="Oracle Corporation"/>
    <property name="java.version.date" value="2024-04-16"/>
    <property name="java.home" value="C:\Program Files\Microsoft\jdk-21.0.3.9-hotspot"/>
    <property name="file.separator" value="\"/>
    <property name="basedir" value="C:\Users\lucac\Desktop\DepProject\RestAPI-protobuf-json\microservices\product-service-json"/>
    <property name="java.vm.compressedOopsMode" value="32-bit"/>
    <property name="line.separator" value="&#10;"/>
    <property name="java.vm.specification.vendor" value="Oracle Corporation"/>
    <property name="java.specification.name" value="Java Platform API Specification"/>
    <property name="user.script" value=""/>
    <property name="sun.management.compiler" value="HotSpot 64-Bit Tiered Compilers"/>
    <property name="java.runtime.version" value="21.0.3+9-LTS"/>
    <property name="user.name" value="lucac"/>
    <property name="stdout.encoding" value="Cp1252"/>
    <property name="path.separator" value=";"/>
    <property name="os.version" value="10.0"/>
    <property name="java.runtime.name" value="OpenJDK Runtime Environment"/>
    <property name="file.encoding" value="UTF-8"/>
    <property name="java.vm.name" value="OpenJDK 64-Bit Server VM"/>
    <property name="java.vendor.version" value="Microsoft-9388422"/>
    <property name="localRepository" value="C:\Users\lucac\.m2\repository"/>
    <property name="java.vendor.url.bug" value="https://github.com/microsoft/openjdk/issues"/>
    <property name="java.io.tmpdir" value="C:\Users\lucac\AppData\Local\Temp\"/>
    <property name="java.version" value="21.0.3"/>
    <property name="user.dir" value="C:\Users\lucac\Desktop\DepProject\RestAPI-protobuf-json\microservices\product-service-json"/>
    <property name="os.arch" value="amd64"/>
    <property name="java.vm.specification.name" value="Java Virtual Machine Specification"/>
    <property name="sun.os.patch.level" value=""/>
    <property name="native.encoding" value="Cp1252"/>
    <property name="java.library.path" value="C:\Program Files\Microsoft\jdk-21.0.3.9-hotspot\bin;C:\WINDOWS\Sun\Java\bin;C:\WINDOWS\system32;C:\WINDOWS;C:\Program Files\Microsoft\jdk-21.0.3.9-hotspot\bin;C:\Program Files\Common Files\Oracle\Java\javapath;C:\Program Files\Python312\Scripts\;C:\Program Files\Python312\;C:\WINDOWS\system32;C:\WINDOWS;C:\WINDOWS\System32\Wbem;C:\WINDOWS\System32\WindowsPowerShell\v1.0\;C:\WINDOWS\System32\OpenSSH\;C:\MinGW\bin;C:\WINDOWS\system32;C:\WINDOWS;C:\WINDOWS\System32\Wbem;C:\WINDOWS\System32\WindowsPowerShell\v1.0\;C:\WINDOWS\System32\OpenSSH\;C:\Program Files (x86)\Google\Cloud SDK\google-cloud-sdk\bin;C:\ProgramData\chocolatey\bin;C:\Strawberry\c\bin;C:\Strawberry\perl\site\bin;C:\Strawberry\perl\bin;C:\Program Files\nodejs\;C:\Program Files\dotnet\;C:\Program Files (x86)\CODESYS\APInstaller\;C:\Program Files (x86)\Maven\apache-maven-3.9.6\bin;C:\Gradle\gradle-8.7\bin;C:\Program Files\Docker\Docker\resources\bin;C:\Program Files\Git\cmd;C:\Program Files\MySQL\MySQL Shell 8.0\bin\;C:\Users\lucac\AppData\Local\Microsoft\WindowsApps;C:\Users\lucac\AppData\Local\Programs\Microsoft VS Code\bin;C:\Users\lucac\AppData\Local\GitHubDesktop\bin;C:\Users\lucac\AppData\Local\Google\Cloud SDK\google-cloud-sdk\bin;C:\Program Files\JetBrains\IntelliJ IDEA Community Edition 2023.3.4\bin;C:\Users\lucac\AppData\Roaming\npm;C:\Users\lucac\AppData\Local\JetBrains\Toolbox\scripts;C:\Users\lucac\AppData\Local\Programs\JMeter\bin;."/>
    <property name="java.vm.info" value="mixed mode, sharing"/>
    <property name="stderr.encoding" value="Cp1252"/>
    <property name="java.vendor" value="Microsoft"/>
    <property name="java.vm.version" value="21.0.3+9-LTS"/>
    <property name="sun.io.unicode.encoding" value="UnicodeLittle"/>
    <property name="java.class.version" value="65.0"/>
  </properties>
  <testcase name="getProductById" classname="com.luca.core.product.ProductServiceApplicationTests" time="1.49"/>
  <testcase name="getProductInvalidParameterNegativeValue" classname="com.luca.core.product.ProductServiceApplicationTests" time="0.05"/>
  <testcase name="deleteProduct" classname="com.luca.core.product.ProductServiceApplicationTests" time="0.101"/>
  <testcase name="duplicateError" classname="com.luca.core.product.ProductServiceApplicationTests" time="0.166"/>
  <testcase name="getProductInvalidParameterString" classname="com.luca.core.product.ProductServiceApplicationTests" time="0.101"/>
  <testcase name="getProductNotFound" classname="com.luca.core.product.ProductServiceApplicationTests" time="0.036"/>
</testsuite>